<?xml version="1.0" encoding="UTF-8"?>
<testsuite xmlns:xsi="http://www.w3.org/2001/XMLSchema-instance" xsi:noNamespaceSchemaLocation="https://maven.apache.org/surefire/maven-surefire-plugin/xsd/surefire-test-report.xsd" name="com.xuecheng.manage_cms.dao.CmsPageRepositoryTest" time="11.895" tests="4" errors="0" skipped="0" failures="0">
  <properties>
[...]
</properties>
  <testcase name="testfindByPageName" classname="com.xuecheng.manage_cms.dao.CmsPageRepositoryTest" time="2.256"/>
  <testcase name="testFindAll" classname="com.xuecheng.manage_cms.dao.CmsPageRepositoryTest" time="0.051"/>
  <testcase name="testFindPage" classname="com.xuecheng.manage_cms.dao.CmsPageRepositoryTest" time="1.223"/>
  <testcase name="testUpdate" classname="com.xuecheng.manage_cms.dao.CmsPageRepositoryTest" time="0.005"/>
</testsuite>